{"C:\\Users\\Cliente\\Documents\\SemanaJSExpert 6.0\\server\\config.js": {"path":"C:\\Users\\Cliente\\Documents\\SemanaJSExpert 6.0\\server\\config.js","statementMap":{"0":{"start":{"line":3,"column":19},"end":{"line":3,"column":58}},"1":{"start":{"line":4,"column":13},"end":{"line":4,"column":36}},"2":{"start":{"line":5,"column":23},"end":{"line":5,"column":42}},"3":{"start":{"line":6,"column":24},"end":{"line":6,"column":44}}},"fnMap":{},"branchMap":{"0":{"loc":{"start":{"line":9,"column":8},"end":{"line":9,"column":32}},"type":"binary-expr","locations":[{"start":{"line":9,"column":8},"end":{"line":9,"column":24}},{"start":{"line":9,"column":28},"end":{"line":9,"column":32}}],"line":9}},"s":{"0":3,"1":3,"2":3,"3":3},"f":{},"b":{"0":[3,3]},"_coverageSchema":"1a1c01bbd47fc00a2c39e90264f33305004495a9","hash":"cc0a1043d9f56b20436d8e440d06d4e897093497"}
,"C:\\Users\\Cliente\\Documents\\SemanaJSExpert 6.0\\server\\controller.js": {"path":"C:\\Users\\Cliente\\Documents\\SemanaJSExpert 6.0\\server\\controller.js","statementMap":{"0":{"start":{"line":5,"column":4},"end":{"line":5,"column":33}},"1":{"start":{"line":9,"column":4},"end":{"line":9,"column":48}}},"fnMap":{"0":{"name":"(anonymous_0)","decl":{"start":{"line":4,"column":2},"end":{"line":4,"column":3}},"loc":{"start":{"line":4,"column":16},"end":{"line":6,"column":3}},"line":4},"1":{"name":"(anonymous_1)","decl":{"start":{"line":8,"column":2},"end":{"line":8,"column":3}},"loc":{"start":{"line":8,"column":32},"end":{"line":10,"column":3}},"line":8}},"branchMap":{},"s":{"0":2,"1":1},"f":{"0":2,"1":1},"b":{},"_coverageSchema":"1a1c01bbd47fc00a2c39e90264f33305004495a9","hash":"c801662f5f1d415fac40a73397f40654d1bbb970"}
,"C:\\Users\\Cliente\\Documents\\SemanaJSExpert 6.0\\server\\routes.js": {"path":"C:\\Users\\Cliente\\Documents\\SemanaJSExpert 6.0\\server\\routes.js","statementMap":{"0":{"start":{"line":8,"column":4},"end":{"line":8,"column":10}},"1":{"start":{"line":9,"column":19},"end":{"line":9,"column":35}},"2":{"start":{"line":11,"column":26},"end":{"line":11,"column":33}},"3":{"start":{"line":13,"column":2},"end":{"line":19,"column":3}},"4":{"start":{"line":14,"column":4},"end":{"line":16,"column":7}},"5":{"start":{"line":18,"column":4},"end":{"line":18,"column":26}},"6":{"start":{"line":21,"column":2},"end":{"line":30,"column":3}},"7":{"start":{"line":22,"column":23},"end":{"line":22,"column":63}},"8":{"start":{"line":29,"column":4},"end":{"line":29,"column":33}},"9":{"start":{"line":32,"column":2},"end":{"line":41,"column":3}},"10":{"start":{"line":33,"column":23},"end":{"line":33,"column":69}},"11":{"start":{"line":40,"column":4},"end":{"line":40,"column":33}},"12":{"start":{"line":44,"column":2},"end":{"line":53,"column":3}},"13":{"start":{"line":45,"column":29},"end":{"line":45,"column":64}},"14":{"start":{"line":46,"column":24},"end":{"line":46,"column":42}},"15":{"start":{"line":47,"column":4},"end":{"line":51,"column":5}},"16":{"start":{"line":48,"column":6},"end":{"line":50,"column":9}},"17":{"start":{"line":52,"column":4},"end":{"line":52,"column":33}},"18":{"start":{"line":55,"column":2},"end":{"line":55,"column":26}},"19":{"start":{"line":56,"column":2},"end":{"line":56,"column":24}},"20":{"start":{"line":60,"column":2},"end":{"line":64,"column":3}},"21":{"start":{"line":61,"column":4},"end":{"line":61,"column":50}},"22":{"start":{"line":62,"column":4},"end":{"line":62,"column":28}},"23":{"start":{"line":63,"column":4},"end":{"line":63,"column":26}},"24":{"start":{"line":66,"column":2},"end":{"line":66,"column":53}},"25":{"start":{"line":67,"column":2},"end":{"line":67,"column":26}},"26":{"start":{"line":68,"column":2},"end":{"line":68,"column":24}},"27":{"start":{"line":72,"column":2},"end":{"line":74,"column":4}},"28":{"start":{"line":73,"column":4},"end":{"line":73,"column":32}}},"fnMap":{"0":{"name":"routes","decl":{"start":{"line":10,"column":15},"end":{"line":10,"column":21}},"loc":{"start":{"line":10,"column":41},"end":{"line":57,"column":1}},"line":10},"1":{"name":"handleError","decl":{"start":{"line":59,"column":9},"end":{"line":59,"column":20}},"loc":{"start":{"line":59,"column":38},"end":{"line":69,"column":1}},"line":59},"2":{"name":"handler","decl":{"start":{"line":71,"column":16},"end":{"line":71,"column":23}},"loc":{"start":{"line":71,"column":43},"end":{"line":75,"column":1}},"line":71},"3":{"name":"(anonymous_3)","decl":{"start":{"line":72,"column":41},"end":{"line":72,"column":42}},"loc":{"start":{"line":73,"column":4},"end":{"line":73,"column":32}},"line":73}},"branchMap":{"0":{"loc":{"start":{"line":13,"column":2},"end":{"line":19,"column":3}},"type":"if","locations":[{"start":{"line":13,"column":2},"end":{"line":19,"column":3}},{"start":{},"end":{}}],"line":13},"1":{"loc":{"start":{"line":13,"column":6},"end":{"line":13,"column":37}},"type":"binary-expr","locations":[{"start":{"line":13,"column":6},"end":{"line":13,"column":22}},{"start":{"line":13,"column":26},"end":{"line":13,"column":37}}],"line":13},"2":{"loc":{"start":{"line":21,"column":2},"end":{"line":30,"column":3}},"type":"if","locations":[{"start":{"line":21,"column":2},"end":{"line":30,"column":3}},{"start":{},"end":{}}],"line":21},"3":{"loc":{"start":{"line":21,"column":6},"end":{"line":21,"column":41}},"type":"binary-expr","locations":[{"start":{"line":21,"column":6},"end":{"line":21,"column":22}},{"start":{"line":21,"column":26},"end":{"line":21,"column":41}}],"line":21},"4":{"loc":{"start":{"line":32,"column":2},"end":{"line":41,"column":3}},"type":"if","locations":[{"start":{"line":32,"column":2},"end":{"line":41,"column":3}},{"start":{},"end":{}}],"line":32},"5":{"loc":{"start":{"line":32,"column":6},"end":{"line":32,"column":47}},"type":"binary-expr","locations":[{"start":{"line":32,"column":6},"end":{"line":32,"column":22}},{"start":{"line":32,"column":26},"end":{"line":32,"column":47}}],"line":32},"6":{"loc":{"start":{"line":44,"column":2},"end":{"line":53,"column":3}},"type":"if","locations":[{"start":{"line":44,"column":2},"end":{"line":53,"column":3}},{"start":{},"end":{}}],"line":44},"7":{"loc":{"start":{"line":47,"column":4},"end":{"line":51,"column":5}},"type":"if","locations":[{"start":{"line":47,"column":4},"end":{"line":51,"column":5}},{"start":{},"end":{}}],"line":47},"8":{"loc":{"start":{"line":60,"column":2},"end":{"line":64,"column":3}},"type":"if","locations":[{"start":{"line":60,"column":2},"end":{"line":64,"column":3}},{"start":{},"end":{}}],"line":60}},"s":{"0":1,"1":1,"2":8,"3":8,"4":1,"5":1,"6":7,"7":1,"8":1,"9":6,"10":1,"11":1,"12":5,"13":4,"14":2,"15":2,"16":1,"17":2,"18":1,"19":1,"20":2,"21":1,"22":1,"23":1,"24":1,"25":1,"26":1,"27":8,"28":2},"f":{"0":8,"1":2,"2":8,"3":2},"b":{"0":[1,7],"1":[8,7],"2":[1,6],"3":[7,6],"4":[1,5],"5":[6,5],"6":[4,1],"7":[1,1],"8":[1,1]},"_coverageSchema":"1a1c01bbd47fc00a2c39e90264f33305004495a9","hash":"7039447a6f6e6a09f96198e9888e1f5882e4484b"}
,"C:\\Users\\Cliente\\Documents\\SemanaJSExpert 6.0\\server\\service.js": {"path":"C:\\Users\\Cliente\\Documents\\SemanaJSExpert 6.0\\server\\service.js","statementMap":{"0":{"start":{"line":8,"column":4},"end":{"line":8,"column":10}},"1":{"start":{"line":11,"column":4},"end":{"line":11,"column":41}},"2":{"start":{"line":16,"column":25},"end":{"line":16,"column":52}},"3":{"start":{"line":18,"column":4},"end":{"line":18,"column":42}},"4":{"start":{"line":19,"column":21},"end":{"line":19,"column":42}},"5":{"start":{"line":20,"column":4},"end":{"line":23,"column":6}},"6":{"start":{"line":27,"column":27},"end":{"line":27,"column":55}},"7":{"start":{"line":28,"column":4},"end":{"line":31,"column":6}}},"fnMap":{"0":{"name":"(anonymous_0)","decl":{"start":{"line":10,"column":2},"end":{"line":10,"column":3}},"loc":{"start":{"line":10,"column":29},"end":{"line":12,"column":3}},"line":10},"1":{"name":"(anonymous_1)","decl":{"start":{"line":14,"column":2},"end":{"line":14,"column":3}},"loc":{"start":{"line":14,"column":26},"end":{"line":24,"column":3}},"line":14},"2":{"name":"(anonymous_2)","decl":{"start":{"line":26,"column":2},"end":{"line":26,"column":3}},"loc":{"start":{"line":26,"column":28},"end":{"line":32,"column":3}},"line":26}},"branchMap":{},"s":{"0":3,"1":1,"2":1,"3":1,"4":1,"5":1,"6":1,"7":1},"f":{"0":1,"1":1,"2":1},"b":{},"_coverageSchema":"1a1c01bbd47fc00a2c39e90264f33305004495a9","hash":"e9f63e8ad5fcf2b775a70249786e6a33a6c507e2"}
,"C:\\Users\\Cliente\\Documents\\SemanaJSExpert 6.0\\server\\util.js": {"path":"C:\\Users\\Cliente\\Documents\\SemanaJSExpert 6.0\\server\\util.js","statementMap":{"0":{"start":{"line":3,"column":12},"end":{"line":11,"column":2}},"1":{"start":{"line":13,"column":22},"end":{"line":13,"column":25}}},"fnMap":{},"branchMap":{},"s":{"0":1,"1":1},"f":{},"b":{},"_coverageSchema":"1a1c01bbd47fc00a2c39e90264f33305004495a9","hash":"5066ce139257772ec20f6cfa18310a5c6cdda378"}
}
